<?xml version="1.0" encoding="UTF-8"?>
<testng-results ignored="0" total="1" passed="1" failed="0" skipped="0">
  <reporter-output>
  </reporter-output>
  <suite started-at="2024-01-26T10:02:38 IST" name="Default suite" finished-at="2024-01-26T10:02:42 IST" duration-ms="3566">
    <groups>
    </groups>
    <test started-at="2024-01-26T10:02:38 IST" name="Default test" finished-at="2024-01-26T10:02:42 IST" duration-ms="3566">
      <class name="com.sportyshoe.restAssuredScripts.Deleteshoe">
        <test-method signature="delete_product()[pri:49, instance:com.sportyshoe.restAssuredScripts.Deleteshoe@4659191b]" started-at="2024-01-26T10:02:38 IST" name="delete_product" finished-at="2024-01-26T10:02:42 IST" duration-ms="3494" status="PASS">
          <reporter-output>
          </reporter-output>
        </test-method> <!-- delete_product -->
      </class> <!-- com.sportyshoe.restAssuredScripts.Deleteshoe -->
    </test> <!-- Default test -->
  </suite> <!-- Default suite -->
</testng-results>
